<?xml version="1.0" encoding="UTF-8"?>
<!-- Generated by org.testng.reporters.JUnitReportReporter -->
<testsuite hostname="fanxufeideMacBook-Pro.local" name="order.undistribute.GetOrdersByRestaurant" tests="1" failures="0" timestamp="6 May 2015 10:55:12 GMT" time="0.560" errors="0">
  <testcase name="GetOrdersByRestaurantTest" time="0.560" classname="order.undistribute.GetOrdersByRestaurant"/>
</testsuite> <!-- order.undistribute.GetOrdersByRestaurant -->
